\BOOKMARK [1][-]{section.1}{\376\377\000I\000n\000t\000r\000o\000d\000u\000z\000i\000o\000n\000e}{}% 1
\BOOKMARK [1][-]{section.2}{\376\377\000D\000i\000m\000e\000n\000s\000i\000o\000n\000a\000m\000e\000n\000t\000o\000\040\000d\000e\000l\000\040\000m\000u\000r\000o}{}% 2
\BOOKMARK [2][-]{subsection.2.1}{\376\377\000P\000r\000e\000d\000i\000m\000e\000n\000s\000i\000o\000n\000a\000m\000e\000n\000t\000o}{section.2}% 3
\BOOKMARK [2][-]{subsection.2.2}{\376\377\000D\000i\000m\000e\000n\000s\000i\000o\000n\000a\000m\000e\000n\000t\000o}{section.2}% 4
\BOOKMARK [2][-]{subsection.2.3}{\376\377\000C\000a\000r\000a\000t\000t\000e\000r\000i\000s\000t\000i\000c\000h\000e\000\040\000d\000e\000l\000\040\000t\000e\000r\000r\000e\000n\000o}{section.2}% 5
\BOOKMARK [1][-]{section.3}{\376\377\000C\000a\000l\000c\000o\000l\000o\000\040\000d\000e\000i\000\040\000p\000e\000s\000i\000,\000\040\000d\000e\000i\000\040\000c\000a\000r\000i\000c\000h\000i\000\040\000e\000\040\000d\000e\000l\000l\000e\000\040\000s\000p\000i\000n\000t\000e}{}% 6
\BOOKMARK [2][-]{subsection.3.1}{\376\377\000C\000a\000l\000c\000o\000l\000o\000\040\000d\000e\000i\000\040\000p\000e\000s\000i}{section.3}% 7
\BOOKMARK [2][-]{subsection.3.2}{\376\377\000C\000a\000l\000c\000o\000l\000o\000\040\000d\000e\000l\000l\000e\000\040\000s\000p\000i\000n\000t\000e}{section.3}% 8
\BOOKMARK [1][-]{section.4}{\376\377\000V\000e\000r\000i\000f\000i\000c\000a\000\040\000a\000l\000\040\000r\000i\000b\000a\000l\000t\000a\000m\000e\000n\000t\000o\000\040\000\050\000G\000E\000O\000,\000\040\000A\0001\000\040\000M\0001\000\040\000R\0003\000\051}{}% 9
\BOOKMARK [1][-]{section.5}{\376\377\000V\000e\000r\000i\000f\000i\000c\000a\000\040\000a\000\040\000s\000c\000o\000r\000r\000i\000m\000e\000n\000t\000o\000\040\000\050\000G\000E\000O\000,\000\040\000A\0001\000\040\000M\0001\000\040\000R\0003\000\051}{}% 10
\BOOKMARK [1][-]{section.6}{\376\377\000V\000e\000r\000i\000f\000i\000c\000a\000\040\000d\000e\000l\000l\000a\000\040\000c\000a\000p\000a\000c\000i\000t\000\340\000\040\000p\000o\000r\000t\000a\000n\000t\000e\000\040\000t\000e\000r\000r\000e\000n\000o\000-\000f\000o\000n\000d\000a\000z\000i\000o\000n\000e\000\040\000\050\000G\000E\000O\000,\000\040\000A\0001\000\040\000M\0001\000\040\000R\0003\000\051}{}% 11
\BOOKMARK [1][-]{section.7}{\376\377\000V\000e\000r\000i\000f\000i\000c\000h\000e\000\040\000s\000t\000r\000u\000t\000t\000u\000r\000a\000l\000i}{}% 12
\BOOKMARK [2][-]{subsection.7.1}{\376\377\000S\000e\000z\000i\000o\000n\000e\000\040\0001}{section.7}% 13
\BOOKMARK [2][-]{subsection.7.2}{\376\377\000S\000e\000z\000i\000o\000n\000e\000\040\0002\000\040\000e\000\040\0003}{section.7}% 14
\BOOKMARK [1][-]{section.8}{\376\377\000P\000r\000e\000d\000i\000m\000e\000n\000s\000i\000o\000n\000a\000m\000e\000n\000t\000o\000\040\000a\000r\000m\000a\000t\000u\000r\000a}{}% 15
\BOOKMARK [1][-]{section.9}{\376\377\000V\000e\000r\000i\000f\000i\000c\000a\000\040\000a\000g\000l\000i\000\040\000S\000t\000a\000t\000i\000\040\000L\000i\000m\000i\000t\000i\000\040\000U\000l\000t\000i\000m\000i\000\040\000S\000t\000r\000u\000t\000t\000u\000r\000a\000l\000i\000\040\000\050\000S\000L\000U\000-\000S\000T\000R\000\051}{}% 16
\BOOKMARK [2][-]{subsection.9.1}{\376\377\000V\000e\000r\000i\000f\000i\000c\000a\000\040\000S\000L\000U\000:\000\040\000m\000o\000m\000e\000n\000t\000i\000\040\000r\000e\000s\000i\000s\000t\000e\000n\000t\000i}{section.9}% 17
\BOOKMARK [2][-]{subsection.9.2}{\376\377\000V\000e\000r\000i\000f\000i\000c\000a\000\040\000S\000L\000U\000:\000\040\000r\000e\000s\000i\000s\000t\000e\000n\000z\000a\000\040\000a\000l\000\040\000t\000a\000g\000l\000i\000o}{section.9}% 18
\BOOKMARK [1][-]{section.10}{\376\377\000D\000i\000s\000e\000g\000n\000o\000\040\000d\000i\000\040\000m\000a\000s\000s\000i\000m\000a\000\040\000d\000e\000l\000l\000'\000o\000p\000e\000r\000a}{}% 19
\BOOKMARK [1][-]{section.11}{\376\377\000C\000o\000n\000c\000l\000u\000s\000i\000o\000n\000i}{}% 20
